{"timestamp":"2024-08-06T17:47:26.760Z","method":"POST","url":"/api/auth/login","user":"Anonymous","objectId":"login","requestBody":{"email":"brose@example.com","password":"qwerty1907"}}
{"timestamp":"2024-08-06T17:48:14.256Z","method":"GET","url":"/api/filter-logs?userId=666325bd842d7e5f17f546d9","user":"Anonymous","objectId":null,"requestBody":{}}
{"timestamp":"2024-08-06T17:48:14.257Z","method":"GET","url":"/api/filter-logs?userId=666325bd842d7e5f17f546d9","user":"Anonymous","objectId":null,"requestBody":{}}
{"timestamp":"2024-08-06T17:48:21.811Z","method":"PUT","url":"/api/update/66b25cd6ea8d94645507e05d","user":"Anonymous","objectId":"66b25cd6ea8d94645507e05d","requestBody":{"name":"Kağıt","supplier":"FB11","type":"A4","grammage":5,"totalBobinweight":100,"meter":1000,"bobinNumber":2,"bobinHeight":1.2,"bobinDiameter":0.3,"MasuraLength":0.5,"notes":"fazla mal"}}
{"timestamp":"2024-08-06T17:48:35.418Z","method":"PUT","url":"/api/update/66b25cd6ea8d94645507e05d","user":"Anonymous","objectId":"66b25cd6ea8d94645507e05d","requestBody":{"name":"Kağıt","supplier":"FB11","type":"A4","grammage":5,"totalBobinweight":100,"meter":1000,"bobinNumber":2,"bobinHeight":1.2,"bobinDiameter":0.3,"MasuraLength":0.5,"notes":"fazla mal"}}
{"timestamp":"2024-08-06T17:48:48.570Z","method":"PUT","url":"/api/update/66af88e777193e46225fcb55","user":"Anonymous","objectId":"66af88e777193e46225fcb55","requestBody":{"name":"Kağıt","supplier":"FB11","type":"A4","grammage":5,"totalBobinweight":100,"meter":1000,"bobinNumber":2,"bobinHeight":1.2,"bobinDiameter":0.3,"MasuraLength":0.5,"notes":"fazla mal"}}
{"timestamp":"2024-08-06T17:48:55.741Z","method":"PATCH","url":"/api/softDeleteRaw/66af88e777193e46225fcb55","user":"Anonymous","objectId":"66af88e777193e46225fcb55","requestBody":{}}
{"timestamp":"2024-08-06T17:49:04.064Z","method":"GET","url":"/api/filter-logs?userId=666325bd842d7e5f17f546d9","user":"Anonymous","objectId":null,"requestBody":{}}
{"timestamp":"2024-08-06T17:49:04.065Z","method":"GET","url":"/api/filter-logs?userId=666325bd842d7e5f17f546d9","user":"Anonymous","objectId":null,"requestBody":{}}
{"timestamp":"2024-08-06T17:49:58.647Z","method":"GET","url":"/api/filter-logs?objectId=66af88e777193e46225fcb55","user":"Anonymous","objectId":null,"requestBody":{}}
{"timestamp":"2024-08-06T17:49:58.648Z","method":"GET","url":"/api/filter-logs?objectId=66af88e777193e46225fcb55","user":"Anonymous","objectId":null,"requestBody":{}}
{"timestamp":"2024-08-06T17:50:07.219Z","method":"DELETE","url":"/api/deleteRaw/66af88e777193e46225fcb55","user":"Anonymous","objectId":"66af88e777193e46225fcb55","requestBody":{}}
{"timestamp":"2024-08-06T17:50:11.100Z","method":"GET","url":"/api/filter-logs?objectId=66af88e777193e46225fcb55","user":"Anonymous","objectId":null,"requestBody":{}}
{"timestamp":"2024-08-06T17:50:11.100Z","method":"GET","url":"/api/filter-logs?objectId=66af88e777193e46225fcb55","user":"Anonymous","objectId":null,"requestBody":{}}
{"timestamp":"2024-08-06T17:51:22.686Z","method":"GET","url":"/api/filter-logs?objectId=66af88e777193e46225fcb55","user":"Anonymous","objectId":null,"requestBody":{}}
{"timestamp":"2024-08-06T17:51:22.688Z","method":"GET","url":"/api/filter-logs?objectId=66af88e777193e46225fcb55","user":"Anonymous","objectId":null,"requestBody":{}}
{"timestamp":"2024-08-06T17:52:22.590Z","method":"GET","url":"/api/filter-logs?userId=666325bd842d7e5f17f546d9","user":"Anonymous","objectId":null,"requestBody":{}}
{"timestamp":"2024-08-06T17:52:22.592Z","method":"GET","url":"/api/filter-logs?userId=666325bd842d7e5f17f546d9","user":"Anonymous","objectId":null,"requestBody":{}}
{"timestamp":"2024-08-06T17:54:15.368Z","method":"GET","url":"/api/filter-logs?userId=666325bd842d7e5f17f546d9","user":"Anonymous","objectId":null,"requestBody":{}}
{"timestamp":"2024-08-06T17:54:15.371Z","method":"GET","url":"/api/filter-logs?userId=666325bd842d7e5f17f546d9","user":"Anonymous","objectId":null,"requestBody":{}}
